<?xml version="1.0" encoding="UTF-8"?>
<testsuite xmlns:xsi="http://www.w3.org/2001/XMLSchema-instance" xsi:noNamespaceSchemaLocation="https://maven.apache.org/surefire/maven-surefire-plugin/xsd/surefire-test-report.xsd" version="3.0.2" name="TestSuite" time="42.023" tests="2" errors="0" skipped="0" failures="0">
  <properties>
[...]
</properties>
  <testcase name="addAddress" classname="com.DemoWebShop_TestScript.Test001_AddnewAddress" time="8.803">
    <system-out><![CDATA[Before Suite....
Before test....
Before Browser....
edge launching
Before Methos
]]></system-out>
    <system-err><![CDATA[SLF4J(W): No SLF4J providers were found.
SLF4J(W): Defaulting to no-operation (NOP) logger implementation
SLF4J(W): See https://www.slf4j.org/codes.html#noProviders for further details.
]]></system-err>
  </testcase>
  <testcase name="deleteAddress" classname="com.DemoWebShop_TestScript.Test002_DeleteAddresss" time="5.077">
    <system-out><![CDATA[After Methos
After test....
Before Browser....
edge launching
Before Methos
]]></system-out>
  </testcase>
</testsuite>