<?xml version="1.0" encoding="UTF-8"?>
<testng-results ignored="0" total="2" passed="2" failed="0" skipped="0">
  <reporter-output>
  </reporter-output>
  <suite started-at="2026-05-31T10:53:03 IST" name="Surefire suite" finished-at="2026-05-31T10:53:44 IST" duration-ms="40959">
    <groups>
    </groups>
    <test started-at="2026-05-31T10:53:03 IST" name="Surefire test" finished-at="2026-05-31T10:53:44 IST" duration-ms="40959">
      <class name="com.DemoWebShop_TestScript.Test001_AddnewAddress">
        <test-method is-config="true" signature="suite()[pri:0, instance:com.DemoWebShop_TestScript.Test001_AddnewAddress@57a3af25]" started-at="2026-05-31T10:53:03 IST" name="suite" finished-at="2026-05-31T10:53:03 IST" duration-ms="33" status="PASS">
          <reporter-output>
          </reporter-output>
        </test-method> <!-- suite -->
        <test-method is-config="true" signature="test()[pri:0, instance:com.DemoWebShop_TestScript.Test001_AddnewAddress@57a3af25]" started-at="2026-05-31T10:53:03 IST" name="test" finished-at="2026-05-31T10:53:03 IST" duration-ms="520" status="PASS">
          <reporter-output>
          </reporter-output>
        </test-method> <!-- test -->
        <test-method is-config="true" signature="browseropen()[pri:0, instance:com.DemoWebShop_TestScript.Test001_AddnewAddress@57a3af25]" started-at="2026-05-31T10:53:03 IST" name="browseropen" finished-at="2026-05-31T10:53:11 IST" duration-ms="7629" status="PASS">
          <reporter-output>
          </reporter-output>
        </test-method> <!-- browseropen -->
        <test-method is-config="true" signature="login()[pri:0, instance:com.DemoWebShop_TestScript.Test001_AddnewAddress@57a3af25]" started-at="2026-05-31T10:53:11 IST" name="login" finished-at="2026-05-31T10:53:13 IST" duration-ms="1716" status="PASS">
          <reporter-output>
          </reporter-output>
        </test-method> <!-- login -->
        <test-method signature="addAddress()[pri:0, instance:com.DemoWebShop_TestScript.Test001_AddnewAddress@57a3af25]" started-at="2026-05-31T10:53:13 IST" name="addAddress" finished-at="2026-05-31T10:53:21 IST" duration-ms="8802" status="PASS">
          <reporter-output>
          </reporter-output>
        </test-method> <!-- addAddress -->
        <test-method is-config="true" signature="logout()[pri:0, instance:com.DemoWebShop_TestScript.Test001_AddnewAddress@57a3af25]" started-at="2026-05-31T10:53:21 IST" name="logout" finished-at="2026-05-31T10:53:24 IST" duration-ms="2865" status="PASS">
          <reporter-output>
          </reporter-output>
        </test-method> <!-- logout -->
        <test-method is-config="true" signature="browserclose()[pri:0, instance:com.DemoWebShop_TestScript.Test001_AddnewAddress@57a3af25]" started-at="2026-05-31T10:53:24 IST" name="browserclose" finished-at="2026-05-31T10:53:27 IST" duration-ms="2393" status="PASS">
          <reporter-output>
          </reporter-output>
        </test-method> <!-- browserclose -->
        <test-method is-config="true" signature="test1()[pri:0, instance:com.DemoWebShop_TestScript.Test001_AddnewAddress@57a3af25]" started-at="2026-05-31T10:53:43 IST" name="test1" finished-at="2026-05-31T10:53:44 IST" duration-ms="719" status="PASS">
          <reporter-output>
          </reporter-output>
        </test-method> <!-- test1 -->
        <test-method is-config="true" signature="suiteClose()[pri:0, instance:com.DemoWebShop_TestScript.Test001_AddnewAddress@57a3af25]" started-at="2026-05-31T10:53:44 IST" name="suiteClose" finished-at="2026-05-31T10:53:44 IST" duration-ms="0" status="PASS">
          <reporter-output>
          </reporter-output>
        </test-method> <!-- suiteClose -->
      </class> <!-- com.DemoWebShop_TestScript.Test001_AddnewAddress -->
      <class name="com.DemoWebShop_TestScript.Test002_DeleteAddresss">
        <test-method is-config="true" signature="browseropen()[pri:0, instance:com.DemoWebShop_TestScript.Test002_DeleteAddresss@6adbc9d]" started-at="2026-05-31T10:53:27 IST" name="browseropen" finished-at="2026-05-31T10:53:31 IST" duration-ms="4184" status="PASS">
          <reporter-output>
          </reporter-output>
        </test-method> <!-- browseropen -->
        <test-method is-config="true" signature="login()[pri:0, instance:com.DemoWebShop_TestScript.Test002_DeleteAddresss@6adbc9d]" started-at="2026-05-31T10:53:31 IST" name="login" finished-at="2026-05-31T10:53:33 IST" duration-ms="1649" status="PASS">
          <reporter-output>
          </reporter-output>
        </test-method> <!-- login -->
        <test-method signature="deleteAddress()[pri:0, instance:com.DemoWebShop_TestScript.Test002_DeleteAddresss@6adbc9d]" started-at="2026-05-31T10:53:33 IST" name="deleteAddress" finished-at="2026-05-31T10:53:38 IST" duration-ms="5076" status="PASS">
          <reporter-output>
          </reporter-output>
        </test-method> <!-- deleteAddress -->
        <test-method is-config="true" signature="logout()[pri:0, instance:com.DemoWebShop_TestScript.Test002_DeleteAddresss@6adbc9d]" started-at="2026-05-31T10:53:38 IST" name="logout" finished-at="2026-05-31T10:53:41 IST" duration-ms="2888" status="PASS">
          <reporter-output>
          </reporter-output>
        </test-method> <!-- logout -->
        <test-method is-config="true" signature="browserclose()[pri:0, instance:com.DemoWebShop_TestScript.Test002_DeleteAddresss@6adbc9d]" started-at="2026-05-31T10:53:41 IST" name="browserclose" finished-at="2026-05-31T10:53:43 IST" duration-ms="2422" status="PASS">
          <reporter-output>
          </reporter-output>
        </test-method> <!-- browserclose -->
      </class> <!-- com.DemoWebShop_TestScript.Test002_DeleteAddresss -->
    </test> <!-- Surefire test -->
  </suite> <!-- Surefire suite -->
</testng-results>
