<?xml version="1.0" encoding="UTF-8"?>
<testng-results ignored="0" total="1" passed="1" failed="0" skipped="0">
  <reporter-output>
  </reporter-output>
  <suite started-at="2026-05-31T09:28:35 IST" name="Default suite" finished-at="2026-05-31T09:29:05 IST" duration-ms="29804">
    <groups>
    </groups>
    <test started-at="2026-05-31T09:28:35 IST" name="Default test" finished-at="2026-05-31T09:29:05 IST" duration-ms="29804">
      <class name="com.DemoWebShop_TestScript.Test002_DeleteAddresss">
        <test-method is-config="true" signature="suite()[pri:0, instance:com.DemoWebShop_TestScript.Test002_DeleteAddresss@4470f8a6]" started-at="2026-05-31T09:28:35 IST" name="suite" finished-at="2026-05-31T09:28:35 IST" duration-ms="27" status="PASS">
          <reporter-output>
          </reporter-output>
        </test-method> <!-- suite -->
        <test-method is-config="true" signature="test()[pri:0, instance:com.DemoWebShop_TestScript.Test002_DeleteAddresss@4470f8a6]" started-at="2026-05-31T09:28:35 IST" name="test" finished-at="2026-05-31T09:28:36 IST" duration-ms="599" status="PASS">
          <reporter-output>
          </reporter-output>
        </test-method> <!-- test -->
        <test-method is-config="true" signature="browseropen()[pri:0, instance:com.DemoWebShop_TestScript.Test002_DeleteAddresss@4470f8a6]" started-at="2026-05-31T09:28:36 IST" name="browseropen" finished-at="2026-05-31T09:28:42 IST" duration-ms="6740" status="PASS">
          <reporter-output>
          </reporter-output>
        </test-method> <!-- browseropen -->
        <test-method is-config="true" signature="login()[pri:0, instance:com.DemoWebShop_TestScript.Test002_DeleteAddresss@4470f8a6]" started-at="2026-05-31T09:28:43 IST" name="login" finished-at="2026-05-31T09:28:44 IST" duration-ms="1699" status="PASS">
          <reporter-output>
          </reporter-output>
        </test-method> <!-- login -->
        <test-method signature="deleteAddress()[pri:0, instance:com.DemoWebShop_TestScript.Test002_DeleteAddresss@4470f8a6]" started-at="2026-05-31T09:28:44 IST" name="deleteAddress" finished-at="2026-05-31T09:28:59 IST" duration-ms="14650" status="PASS">
          <reporter-output>
          </reporter-output>
        </test-method> <!-- deleteAddress -->
        <test-method is-config="true" signature="logout()[pri:0, instance:com.DemoWebShop_TestScript.Test002_DeleteAddresss@4470f8a6]" started-at="2026-05-31T09:28:59 IST" name="logout" finished-at="2026-05-31T09:29:02 IST" duration-ms="2809" status="PASS">
          <reporter-output>
          </reporter-output>
        </test-method> <!-- logout -->
        <test-method is-config="true" signature="browserclose()[pri:0, instance:com.DemoWebShop_TestScript.Test002_DeleteAddresss@4470f8a6]" started-at="2026-05-31T09:29:02 IST" name="browserclose" finished-at="2026-05-31T09:29:04 IST" duration-ms="2495" status="PASS">
          <reporter-output>
          </reporter-output>
        </test-method> <!-- browserclose -->
        <test-method is-config="true" signature="test1()[pri:0, instance:com.DemoWebShop_TestScript.Test002_DeleteAddresss@4470f8a6]" started-at="2026-05-31T09:29:04 IST" name="test1" finished-at="2026-05-31T09:29:05 IST" duration-ms="720" status="PASS">
          <reporter-output>
          </reporter-output>
        </test-method> <!-- test1 -->
        <test-method is-config="true" signature="suiteClose()[pri:0, instance:com.DemoWebShop_TestScript.Test002_DeleteAddresss@4470f8a6]" started-at="2026-05-31T09:29:05 IST" name="suiteClose" finished-at="2026-05-31T09:29:05 IST" duration-ms="2" status="PASS">
          <reporter-output>
          </reporter-output>
        </test-method> <!-- suiteClose -->
      </class> <!-- com.DemoWebShop_TestScript.Test002_DeleteAddresss -->
    </test> <!-- Default test -->
  </suite> <!-- Default suite -->
</testng-results>
