<?xml version="1.0" encoding="UTF-8"?>
<!-- Generated by org.testng.reporters.JUnitXMLReporter -->
<testsuite ignored="4" hostname="DESKTOP-SM3NBFV" failures="0" tests="2" name="Surefire test" time="40.959" errors="0" timestamp="2026-05-31T10:53:44 IST">
  <testcase classname="com.DemoWebShop_TestScript.Test001_AddnewAddress" name="addAddress" time="8.802"/>
  <testcase classname="com.DemoWebShop_TestScript.Test002_DeleteAddresss" name="deleteAddress" time="5.076"/>
  <testcase classname="com.DemowebShop_GenericUtility.BaseTest" name="@BeforeTest test" time="0.0">
    <ignored/>
  </testcase> <!-- @BeforeTest test -->
  <testcase classname="com.DemowebShop_GenericUtility.BaseTest" name="@BeforeSuite suite" time="0.0">
    <ignored/>
  </testcase> <!-- @BeforeSuite suite -->
  <testcase classname="com.DemowebShop_GenericUtility.BaseTest" name="@AfterTest test1" time="0.0">
    <ignored/>
  </testcase> <!-- @AfterTest test1 -->
  <testcase classname="com.DemowebShop_GenericUtility.BaseTest" name="@AfterSuite suiteClose" time="0.0">
    <ignored/>
  </testcase> <!-- @AfterSuite suiteClose -->
</testsuite> <!-- Surefire test -->
